d:\users\pc\desktop\deskktop\warfa\unknowncheats.me onra2 wf minihack - copia\warface\release\warface.pch
d:\users\pc\desktop\deskktop\warfa\unknowncheats.me onra2 wf minihack - copia\warface\release\vc142.pdb
d:\users\pc\desktop\deskktop\warfa\unknowncheats.me onra2 wf minihack - copia\warface\release\stdafx.obj
d:\users\pc\desktop\deskktop\warfa\unknowncheats.me onra2 wf minihack - copia\warface\release\warface.obj
d:\users\pc\desktop\deskktop\warfa\unknowncheats.me onra2 wf minihack - copia\warface\release\dllmain.obj
d:\programações\warfa\unknowncheats.me onra2 wf minihack - copia\warface\release\warface.pch
d:\programações\warfa\unknowncheats.me onra2 wf minihack - copia\warface\release\vc142.pdb
d:\programações\warfa\unknowncheats.me onra2 wf minihack - copia\warface\release\stdafx.obj
d:\programações\warfa\unknowncheats.me onra2 wf minihack - copia\warface\release\warface.obj
d:\programações\warfa\unknowncheats.me onra2 wf minihack - copia\warface\release\dllmain.obj
d:\users\pc\desktop\deskktop\warfa\unknowncheats.me onra2 wf minihack - copia\release\warface.dll
d:\users\pc\desktop\deskktop\warfa\unknowncheats.me onra2 wf minihack - copia\release\warface.pdb
d:\programações\warfa\unknowncheats.me onra2 wf minihack - copia\release\warface.dll
d:\programações\warfa\unknowncheats.me onra2 wf minihack - copia\release\warface.pdb
d:\users\pc\desktop\deskktop\warfa\unknowncheats.me onra2 wf minihack - copia\release\warface.ipdb
d:\users\pc\desktop\deskktop\warfa\unknowncheats.me onra2 wf minihack - copia\release\warface.iobj
d:\programações\warfa\unknowncheats.me onra2 wf minihack - copia\release\warface.ipdb
d:\programações\warfa\unknowncheats.me onra2 wf minihack - copia\release\warface.iobj
d:\programações\warfa\unknowncheats.me onra2 wf minihack - copia\warface\release\warface.tlog\cl.command.1.tlog
d:\programações\warfa\unknowncheats.me onra2 wf minihack - copia\warface\release\warface.tlog\cl.read.1.tlog
d:\programações\warfa\unknowncheats.me onra2 wf minihack - copia\warface\release\warface.tlog\cl.write.1.tlog
d:\programações\warfa\unknowncheats.me onra2 wf minihack - copia\warface\release\warface.tlog\link.command.1.tlog
d:\programações\warfa\unknowncheats.me onra2 wf minihack - copia\warface\release\warface.tlog\link.delete.1.tlog
d:\programações\warfa\unknowncheats.me onra2 wf minihack - copia\warface\release\warface.tlog\link.read.1.tlog
d:\programações\warfa\unknowncheats.me onra2 wf minihack - copia\warface\release\warface.tlog\link.write.1.tlog
d:\programações\warfa\unknowncheats.me onra2 wf minihack - copia\warface\release\warface.tlog\warface.write.1u.tlog
