  dllmain.cpp
D:\programações\warfa\Unknowncheats.me Onra2 wf minihack - Copia\warface\Classes.h(332,10): warning C4141: 'virtual': usado mais de uma vez
D:\programações\warfa\Unknowncheats.me Onra2 wf minihack - Copia\warface\Classes.h(544,1): warning C4099: 'IGame': nome de tipo visto primeiro usando 'class', agora visto usando 'struct'
D:\programações\warfa\Unknowncheats.me Onra2 wf minihack - Copia\warface\Classes.h(543): message : consulte a declaração de 'IGame'
D:\programações\warfa\Unknowncheats.me Onra2 wf minihack - Copia\warface\Classes.h(1037,1): warning C4099: 'IActorSystem': nome de tipo visto primeiro usando 'class', agora visto usando 'struct'
D:\programações\warfa\Unknowncheats.me Onra2 wf minihack - Copia\warface\Classes.h(1036): message : consulte a declaração de 'IActorSystem'
D:\programações\warfa\Unknowncheats.me Onra2 wf minihack - Copia\warface\Classes.h(1057,1): warning C4099: 'IRenderer': nome de tipo visto primeiro usando 'class', agora visto usando 'struct'
D:\programações\warfa\Unknowncheats.me Onra2 wf minihack - Copia\warface\Classes.h(1056): message : consulte a declaração de 'IRenderer'
D:\programações\warfa\Unknowncheats.me Onra2 wf minihack - Copia\warface\Classes.h(1180,1): warning C4099: 'IEntitySystem': nome de tipo visto primeiro usando 'class', agora visto usando 'struct'
D:\programações\warfa\Unknowncheats.me Onra2 wf minihack - Copia\warface\Classes.h(1179): message : consulte a declaração de 'IEntitySystem'
D:\programações\warfa\Unknowncheats.me Onra2 wf minihack - Copia\warface\Classes.h(1348,1): warning C4099: 'IEntityClassRegistry': nome de tipo visto primeiro usando 'class', agora visto usando 'struct'
D:\programações\warfa\Unknowncheats.me Onra2 wf minihack - Copia\warface\Classes.h(1347): message : consulte a declaração de 'IEntityClassRegistry'
D:\programações\warfa\Unknowncheats.me Onra2 wf minihack - Copia\warface\Classes.h(1470,1): warning C4099: 'IEntity': nome de tipo visto primeiro usando 'class', agora visto usando 'struct'
D:\programações\warfa\Unknowncheats.me Onra2 wf minihack - Copia\warface\Classes.h(1469): message : consulte a declaração de 'IEntity'
D:\programações\warfa\Unknowncheats.me Onra2 wf minihack - Copia\warface\Classes.h(1734,1): warning C4099: 'IPhysicalWorld': nome de tipo visto primeiro usando 'class', agora visto usando 'struct'
D:\programações\warfa\Unknowncheats.me Onra2 wf minihack - Copia\warface\Classes.h(1733): message : consulte a declaração de 'IPhysicalWorld'
D:\programações\warfa\Unknowncheats.me Onra2 wf minihack - Copia\warface\Classes.h(1836,1): warning C4099: 'ITimer': nome de tipo visto primeiro usando 'class', agora visto usando 'struct'
D:\programações\warfa\Unknowncheats.me Onra2 wf minihack - Copia\warface\Classes.h(1835): message : consulte a declaração de 'ITimer'
D:\programações\warfa\Unknowncheats.me Onra2 wf minihack - Copia\warface\dllmain.cpp(120,47): warning C4244: 'argumento': conversão de 'double' para 'int', possível perda de dados
D:\programações\warfa\Unknowncheats.me Onra2 wf minihack - Copia\warface\dllmain.cpp(120,38): warning C4244: 'argumento': conversão de 'double' para 'int', possível perda de dados
D:\programações\warfa\Unknowncheats.me Onra2 wf minihack - Copia\warface\dllmain.cpp(120,29): warning C4244: 'argumento': conversão de 'double' para 'int', possível perda de dados
D:\programações\warfa\Unknowncheats.me Onra2 wf minihack - Copia\warface\dllmain.cpp(120,20): warning C4244: 'argumento': conversão de 'double' para 'int', possível perda de dados
D:\programações\warfa\Unknowncheats.me Onra2 wf minihack - Copia\warface\dllmain.cpp(136,13): warning C4838: a conversão de 'int' em 'float' requer uma conversão de restrição
D:\programações\warfa\Unknowncheats.me Onra2 wf minihack - Copia\warface\dllmain.cpp(136,13): warning C4244: 'inicializando': conversão de 'int' para 'float', possível perda de dados
D:\programações\warfa\Unknowncheats.me Onra2 wf minihack - Copia\warface\dllmain.cpp(136,18): warning C4838: a conversão de 'int' em 'float' requer uma conversão de restrição
D:\programações\warfa\Unknowncheats.me Onra2 wf minihack - Copia\warface\dllmain.cpp(136,18): warning C4244: 'inicializando': conversão de 'int' para 'float', possível perda de dados
D:\programações\warfa\Unknowncheats.me Onra2 wf minihack - Copia\warface\dllmain.cpp(136,45): warning C4838: a conversão de 'int' em 'float' requer uma conversão de restrição
D:\programações\warfa\Unknowncheats.me Onra2 wf minihack - Copia\warface\dllmain.cpp(136,45): warning C4244: 'inicializando': conversão de 'int' para 'float', possível perda de dados
D:\programações\warfa\Unknowncheats.me Onra2 wf minihack - Copia\warface\dllmain.cpp(136,48): warning C4838: a conversão de 'int' em 'float' requer uma conversão de restrição
D:\programações\warfa\Unknowncheats.me Onra2 wf minihack - Copia\warface\dllmain.cpp(136,48): warning C4244: 'inicializando': conversão de 'int' para 'float', possível perda de dados
D:\programações\warfa\Unknowncheats.me Onra2 wf minihack - Copia\warface\dllmain.cpp(137,70): warning C4305: 'inicializando': truncamento de 'double' para 'float'
D:\programações\warfa\Unknowncheats.me Onra2 wf minihack - Copia\warface\dllmain.cpp(137,6): warning C4838: a conversão de 'int' em 'float' requer uma conversão de restrição
D:\programações\warfa\Unknowncheats.me Onra2 wf minihack - Copia\warface\dllmain.cpp(137,6): warning C4244: 'inicializando': conversão de 'int' para 'float', possível perda de dados
D:\programações\warfa\Unknowncheats.me Onra2 wf minihack - Copia\warface\dllmain.cpp(137,13): warning C4838: a conversão de 'int' em 'float' requer uma conversão de restrição
D:\programações\warfa\Unknowncheats.me Onra2 wf minihack - Copia\warface\dllmain.cpp(137,13): warning C4244: 'inicializando': conversão de 'int' para 'float', possível perda de dados
D:\programações\warfa\Unknowncheats.me Onra2 wf minihack - Copia\warface\dllmain.cpp(137,42): warning C4838: a conversão de 'int' em 'float' requer uma conversão de restrição
D:\programações\warfa\Unknowncheats.me Onra2 wf minihack - Copia\warface\dllmain.cpp(137,42): warning C4244: 'inicializando': conversão de 'int' para 'float', possível perda de dados
D:\programações\warfa\Unknowncheats.me Onra2 wf minihack - Copia\warface\dllmain.cpp(137,47): warning C4838: a conversão de 'int' em 'float' requer uma conversão de restrição
D:\programações\warfa\Unknowncheats.me Onra2 wf minihack - Copia\warface\dllmain.cpp(137,47): warning C4244: 'inicializando': conversão de 'int' para 'float', possível perda de dados
D:\programações\warfa\Unknowncheats.me Onra2 wf minihack - Copia\warface\dllmain.cpp(315,8): warning C4101: 'getBoneName': variável local não referenciada
D:\programações\warfa\Unknowncheats.me Onra2 wf minihack - Copia\warface\dllmain.cpp(521,19): warning C4244: 'argumento': conversão de 'float' para 'int', possível perda de dados
D:\programações\warfa\Unknowncheats.me Onra2 wf minihack - Copia\warface\dllmain.cpp(522,20): warning C4244: 'argumento': conversão de 'float' para 'int', possível perda de dados
D:\programações\warfa\Unknowncheats.me Onra2 wf minihack - Copia\warface\dllmain.cpp(523,24): warning C4244: 'argumento': conversão de 'float' para 'int', possível perda de dados
  Gerando código
  15 of 202 functions ( 7.4%) were compiled, the rest were copied from previous compilation.
    0 functions were new in current compilation
    9 functions had inline decision re-evaluated but remain unchanged
  Finalizada a geração de código
  warface.vcxproj -> D:\programações\warfa\Unknowncheats.me Onra2 wf minihack - Copia\Release\warface.dll
